Reading images
01 read
02 read
03 read
04 read
05 read
06 read
07 read
08 read
09 read
10 read
11 read
12 read
13 read
14 read
15 read
16 read
17 read
18 read
19 read
20 read
21 read
22 read
23 read
24 read
Images were read
start train net
Generated 4000 patches
Generated 1000 patches
Train on 4000 samples, validate on 1000 samples
Epoch 1/200
 - 50s - loss: 0.2958 - val_loss: 0.1905
Epoch 2/200
 - 43s - loss: 0.1329 - val_loss: 0.2454
Epoch 3/200
 - 42s - loss: 0.1119 - val_loss: 0.2575
Epoch 4/200
 - 42s - loss: 0.1071 - val_loss: 0.1996
Epoch 5/200
 - 42s - loss: 0.1045 - val_loss: 0.3864
Epoch 6/200
 - 41s - loss: 0.0987 - val_loss: 0.4180
Epoch 7/200
 - 41s - loss: 0.0949 - val_loss: 0.1975
Epoch 8/200
 - 42s - loss: 0.0922 - val_loss: 0.1458
Epoch 9/200
 - 41s - loss: 0.0915 - val_loss: 0.2979
Epoch 10/200
 - 42s - loss: 0.0865 - val_loss: 0.1591
Epoch 11/200
 - 41s - loss: 0.0840 - val_loss: 0.1188
Epoch 12/200
 - 42s - loss: 0.0845 - val_loss: 0.1330
Epoch 13/200
 - 42s - loss: 0.0841 - val_loss: 0.1889
Epoch 14/200
 - 41s - loss: 0.0827 - val_loss: 0.1652
Epoch 15/200
 - 42s - loss: 0.0821 - val_loss: 0.1004
Epoch 16/200
 - 42s - loss: 0.0793 - val_loss: 0.1732
Epoch 17/200
 - 42s - loss: 0.0794 - val_loss: 0.1099
Epoch 18/200
 - 42s - loss: 0.0758 - val_loss: 0.1206
Epoch 19/200
 - 41s - loss: 0.0768 - val_loss: 0.1378
Epoch 20/200
 - 42s - loss: 0.0763 - val_loss: 0.1076
Epoch 21/200
 - 42s - loss: 0.0744 - val_loss: 0.1188
Epoch 22/200
 - 42s - loss: 0.0740 - val_loss: 0.1183
Epoch 23/200
 - 42s - loss: 0.0738 - val_loss: 0.2671

Epoch 00023: ReduceLROnPlateau reducing learning rate to 0.0024999999441206455.
Epoch 24/200
 - 41s - loss: 0.0719 - val_loss: 0.0876
Epoch 25/200
 - 42s - loss: 0.0710 - val_loss: 0.0874
Epoch 26/200
 - 42s - loss: 0.0689 - val_loss: 0.0891
Epoch 27/200
 - 42s - loss: 0.0683 - val_loss: 0.0858
Epoch 28/200
 - 42s - loss: 0.0684 - val_loss: 0.0871
Epoch 29/200
 - 41s - loss: 0.0683 - val_loss: 0.0783
Epoch 30/200
 - 42s - loss: 0.0684 - val_loss: 0.0837
Epoch 31/200
 - 42s - loss: 0.0670 - val_loss: 0.0807
Epoch 32/200
 - 42s - loss: 0.0672 - val_loss: 0.1200
Epoch 33/200
 - 42s - loss: 0.0693 - val_loss: 0.0896
Epoch 34/200
 - 41s - loss: 0.0685 - val_loss: 0.0856
Epoch 35/200
 - 42s - loss: 0.0669 - val_loss: 0.0863
Epoch 36/200
 - 42s - loss: 0.0658 - val_loss: 0.0817
Epoch 37/200
 - 42s - loss: 0.0648 - val_loss: 0.0991

Epoch 00037: ReduceLROnPlateau reducing learning rate to 0.0012499999720603228.
Epoch 38/200
 - 42s - loss: 0.0637 - val_loss: 0.0794
Epoch 39/200
 - 41s - loss: 0.0635 - val_loss: 0.0754
Epoch 40/200
 - 42s - loss: 0.0633 - val_loss: 0.0784
Epoch 41/200
 - 42s - loss: 0.0630 - val_loss: 0.0757
Epoch 42/200
 - 42s - loss: 0.0631 - val_loss: 0.0763
Epoch 43/200
 - 42s - loss: 0.0622 - val_loss: 0.0821
Epoch 44/200
 - 42s - loss: 0.0626 - val_loss: 0.0785
Epoch 45/200
 - 42s - loss: 0.0622 - val_loss: 0.0800
Epoch 46/200
 - 42s - loss: 0.0625 - val_loss: 0.0809
Epoch 47/200
 - 42s - loss: 0.0636 - val_loss: 0.0764

Epoch 00047: ReduceLROnPlateau reducing learning rate to 0.0006249999860301614.
Epoch 48/200
 - 42s - loss: 0.0617 - val_loss: 0.0736
Epoch 49/200
 - 42s - loss: 0.0611 - val_loss: 0.0742
Epoch 50/200
 - 42s - loss: 0.0607 - val_loss: 0.0744
Epoch 51/200
 - 42s - loss: 0.0605 - val_loss: 0.0749
Epoch 52/200
 - 42s - loss: 0.0604 - val_loss: 0.0759
Epoch 53/200
 - 42s - loss: 0.0606 - val_loss: 0.0753
Epoch 54/200
 - 42s - loss: 0.0601 - val_loss: 0.0750
Epoch 55/200
 - 42s - loss: 0.0605 - val_loss: 0.0762
Epoch 56/200
 - 42s - loss: 0.0602 - val_loss: 0.0818

Epoch 00056: ReduceLROnPlateau reducing learning rate to 0.0003124999930150807.
Epoch 57/200
 - 42s - loss: 0.0597 - val_loss: 0.0755
Epoch 58/200
 - 42s - loss: 0.0595 - val_loss: 0.0753
Epoch 59/200
 - 42s - loss: 0.0591 - val_loss: 0.0774
Epoch 60/200
 - 42s - loss: 0.0595 - val_loss: 0.0749
Epoch 61/200
 - 42s - loss: 0.0592 - val_loss: 0.0743
Epoch 62/200
 - 42s - loss: 0.0593 - val_loss: 0.0746
Epoch 63/200
 - 42s - loss: 0.0592 - val_loss: 0.0743
Epoch 64/200
 - 42s - loss: 0.0590 - val_loss: 0.0763

Epoch 00064: ReduceLROnPlateau reducing learning rate to 0.00015624999650754035.
Epoch 65/200
 - 42s - loss: 0.0591 - val_loss: 0.0737
Epoch 66/200
 - 42s - loss: 0.0588 - val_loss: 0.0741
Epoch 67/200
 - 42s - loss: 0.0586 - val_loss: 0.0740
Epoch 68/200
 - 42s - loss: 0.0588 - val_loss: 0.0738
Epoch 69/200
 - 42s - loss: 0.0588 - val_loss: 0.0759
Epoch 70/200
 - 42s - loss: 0.0587 - val_loss: 0.0747
Epoch 71/200
 - 42s - loss: 0.0590 - val_loss: 0.0753
Epoch 72/200
 - 42s - loss: 0.0587 - val_loss: 0.0732
Epoch 73/200
 - 42s - loss: 0.0589 - val_loss: 0.0749
Epoch 74/200
 - 42s - loss: 0.0585 - val_loss: 0.0735
Epoch 75/200
 - 42s - loss: 0.0585 - val_loss: 0.0728
Epoch 76/200
 - 42s - loss: 0.0582 - val_loss: 0.0744
Epoch 77/200
 - 42s - loss: 0.0582 - val_loss: 0.0731
Epoch 78/200
 - 42s - loss: 0.0584 - val_loss: 0.0727
Epoch 79/200
 - 42s - loss: 0.0587 - val_loss: 0.0763
Epoch 80/200
 - 42s - loss: 0.0583 - val_loss: 0.0732
Epoch 81/200
 - 42s - loss: 0.0585 - val_loss: 0.0755
Epoch 82/200
 - 42s - loss: 0.0582 - val_loss: 0.0726
Epoch 83/200
 - 42s - loss: 0.0582 - val_loss: 0.0731
Epoch 84/200
 - 42s - loss: 0.0580 - val_loss: 0.0733
Epoch 85/200
 - 42s - loss: 0.0583 - val_loss: 0.0738
Epoch 86/200
 - 42s - loss: 0.0580 - val_loss: 0.0734

Epoch 00086: ReduceLROnPlateau reducing learning rate to 7.812499825377017e-05.
Epoch 87/200
 - 42s - loss: 0.0582 - val_loss: 0.0733
Epoch 88/200
 - 42s - loss: 0.0578 - val_loss: 0.0743
Epoch 89/200
 - 42s - loss: 0.0582 - val_loss: 0.0739
Epoch 90/200
 - 42s - loss: 0.0578 - val_loss: 0.0731
Epoch 91/200
 - 42s - loss: 0.0579 - val_loss: 0.0730
Epoch 92/200
 - 42s - loss: 0.0578 - val_loss: 0.0739
Epoch 93/200
 - 42s - loss: 0.0577 - val_loss: 0.0747
Epoch 94/200
 - 42s - loss: 0.0577 - val_loss: 0.0743

Epoch 00094: ReduceLROnPlateau reducing learning rate to 3.9062499126885086e-05.
Epoch 95/200
 - 42s - loss: 0.0578 - val_loss: 0.0735
Epoch 96/200
 - 42s - loss: 0.0577 - val_loss: 0.0743
Epoch 97/200
 - 42s - loss: 0.0577 - val_loss: 0.0740
Epoch 98/200
 - 42s - loss: 0.0575 - val_loss: 0.0738
Epoch 99/200
 - 42s - loss: 0.0580 - val_loss: 0.0737
Epoch 100/200
 - 43s - loss: 0.0575 - val_loss: 0.0746
Epoch 101/200
 - 42s - loss: 0.0575 - val_loss: 0.0740
Epoch 102/200
 - 42s - loss: 0.0574 - val_loss: 0.0736

Epoch 00102: ReduceLROnPlateau reducing learning rate to 3e-05.
Epoch 103/200
 - 42s - loss: 0.0575 - val_loss: 0.0738
Epoch 104/200
 - 42s - loss: 0.0575 - val_loss: 0.0737
Epoch 105/200
 - 43s - loss: 0.0574 - val_loss: 0.0737
Epoch 106/200
 - 42s - loss: 0.0575 - val_loss: 0.0741
Epoch 107/200
 - 42s - loss: 0.0573 - val_loss: 0.0741
Epoch 00107: early stopping
